<?xml version="1.0" encoding="UTF-8"?>
<!-- Generated by org.testng.reporters.JUnitReportReporter -->
<testsuite hostname="LAPTOP-ATNFO35U" failures="0" tests="1" name="com.fb.testcases.LoginPageTest" time="10.154" errors="0" timestamp="2023-02-20T12:32:29 IST" skipped="0">
  <testcase classname="com.fb.testcases.LoginPageTest" name="loginTest" time="10.154"/>
  <system-out/>
</testsuite> <!-- com.fb.testcases.LoginPageTest -->
