<?xml version="1.0" encoding="UTF-8"?>
<!-- Generated by org.testng.reporters.JUnitReportReporter -->
<testsuite hostname="LAPTOP-ATNFO35U" failures="0" tests="1" name="com.fb.listeners.ScreenShotTest" time="3.116" errors="0" timestamp="2023-02-20T20:33:07 IST" skipped="0">
  <testcase classname="com.fb.listeners.ScreenShotTest" name="loginPageTitleTest" time="3.116"/>
  <system-out/>
</testsuite> <!-- com.fb.listeners.ScreenShotTest -->
