<?xml version="1.0" encoding="UTF-8"?>
<!-- Generated by org.testng.reporters.JUnitReportReporter -->
<testsuite hostname="LAPTOP-ATNFO35U" failures="0" tests="5" name="com.fb.test.LoginPageDataTest" time="17.052" errors="0" timestamp="2023-02-20T20:33:07 IST" skipped="0">
  <testcase classname="com.fb.test.LoginPageDataTest" name="loginTest" time="3.671"/>
  <system-out/>
  <testcase classname="com.fb.test.LoginPageDataTest" name="multipleUsersLoginTest" time="2.712"/>
  <system-out/>
  <testcase classname="com.fb.test.LoginPageDataTest" name="multipleUsersLoginTest" time="3.398"/>
  <system-out/>
  <testcase classname="com.fb.test.LoginPageDataTest" name="multipleUsersLoginTest" time="3.215"/>
  <system-out/>
  <testcase classname="com.fb.test.LoginPageDataTest" name="multipleUsersLoginTest" time="4.056"/>
  <system-out/>
</testsuite> <!-- com.fb.test.LoginPageDataTest -->
