<?xml version="1.0" encoding="UTF-8"?>
<!-- Generated by org.testng.reporters.JUnitReportReporter -->
<testsuite hostname="LAPTOP-ATNFO35U" failures="0" tests="2" name="com.fb.test.ProfilePageTest" time="26.189" errors="0" timestamp="2023-02-20T20:33:07 IST" skipped="0">
  <testcase classname="com.fb.test.ProfilePageTest" name="verifyProfilePageTitleTest" time="12.484"/>
  <system-out/>
  <testcase classname="com.fb.test.ProfilePageTest" name="verifyAddStoryTest" time="13.705"/>
  <system-out/>
</testsuite> <!-- com.fb.test.ProfilePageTest -->
