<?xml version="1.0" encoding="UTF-8"?>
<!-- Generated by org.testng.reporters.JUnitReportReporter -->
<testsuite hostname="LAPTOP-ATNFO35U" failures="0" tests="1" name="com.fb.test.HomePageTest" time="9.856" errors="0" timestamp="2023-02-20T20:41:29 IST" skipped="0">
  <testcase classname="com.fb.test.HomePageTest" name="verifyHomePageTitleTest" time="9.856"/>
  <system-out/>
</testsuite> <!-- com.fb.test.HomePageTest -->
